
=== Mon Nov 22 09:07:14 2021

Packages were changed.
Update Mode: mergeDefaultDependencies

The following packages were updated:
  com.unity.2d.psdimporter from version 4.1.1 to 4.1.2

=== Mon Nov 22 11:09:43 2021

Packages were changed.
Update Mode: resetToDefaultDependencies

The following packages were removed:
  com.h8man.2d.navmeshplus@https://github.com/h8man/NavMeshPlus.git
  com.unity.2d.animation@5.0.9
  com.unity.2d.pixel-perfect@4.0.1
  com.unity.2d.psdimporter@4.1.1
  com.unity.2d.sprite@1.0.0
  com.unity.2d.spriteshape@5.1.5
  com.unity.2d.tilemap@1.0.0
  com.unity.cinemachine@2.6.11

=== Mon Nov 22 11:18:34 2021

Packages were changed.
Update Mode: resetToDefaultDependencies

The following packages were removed:
  com.h8man.2d.navmeshplus@https://github.com/h8man/NavMeshPlus.git
  com.unity.2d.animation@5.0.9
  com.unity.2d.pixel-perfect@4.0.1
  com.unity.2d.psdimporter@4.1.1
  com.unity.2d.sprite@1.0.0
  com.unity.2d.spriteshape@5.1.5
  com.unity.2d.tilemap@1.0.0
  com.unity.cinemachine@2.6.11
